{
  "Cucumber Features": {
    "coverage": {
      "/home/julian/Escritorio/Proyectos/Proyect_Ing-Software/FUNQUI/app/controllers/home.rb": [
        1,
        null,
        1,
        2,
        2,
        2,
        null,
        null,
        1,
        1,
        1,
        1,
        1,
        1,
        null,
        null,
        null,
        null,
        null,
        null,
        null,
        null,
        null,
        null,
        null,
        null,
        null,
        null,
        null,
        null,
        null,
        null,
        null,
        null,
        null,
        null
      ]
    },
    "timestamp": 1415574056
  },
  "RSpec": {
    "coverage": {
      "/home/julian/Escritorio/Proyectos/Proyect_Ing-Software/FUNQUI/app/app.rb": [
        1,
        1,
        1,
        1,
        1,
        1,
        null,
        1,
        null,
        1,
        null,
        null,
        null,
        null,
        null,
        null,
        null,
        null,
        null,
        null,
        null,
        null,
        null,
        null,
        null,
        null,
        null,
        null,
        null,
        null,
        null,
        null,
        null,
        null,
        null,
        null,
        null,
        null,
        null,
        null,
        null,
        null,
        null,
        null,
        null,
        null,
        null,
        null,
        null,
        null,
        null,
        null,
        null,
        null,
        null,
        null,
        null,
        null,
        null,
        null,
        null,
        null,
        null,
        null,
        null
      ],
      "/home/julian/Escritorio/Proyectos/Proyect_Ing-Software/FUNQUI/app/models/torneo.rb": [
        1,
        1,
        null,
        1,
        1,
        1,
        1,
        null,
        1,
        1,
        null
      ]
    },
    "timestamp": 1415510871
  }
}
